<?xml version="1.0" encoding="UTF-8"?>
<!-- Generated by org.testng.reporters.JUnitXMLReporter -->
<testsuite ignored="1" hostname="GWTN156-1" failures="0" tests="1" name="Default test" time="19.413" errors="0" timestamp="2023-03-06T00:10:51 PST">
  <testcase classname="com.Salesforce.Automation.Tests.LoginTests4A4B" name="salesForceLoginTest4B" time="1.387"/>
  <testcase classname="com.Salesforce.Automation.Tests.LoginTests4A4B" name="salesForceLoginTest4A" time="0.0">
    <ignored/>
  </testcase> <!-- salesForceLoginTest4A -->
</testsuite> <!-- Default test -->
