<?xml version="1.0" encoding="UTF-8"?>
<!-- Generated by org.testng.reporters.JUnitXMLReporter -->
<testsuite ignored="0" hostname="GWTN156-1" failures="0" tests="5" name="Test" time="101.377" errors="0" timestamp="2023-03-08T18:25:05 PST">
  <testcase classname="com.Salesforce.Automation.Tests.LoginTests" name="salesForceLoginTest01" time="1.335"/>
  <testcase classname="com.Salesforce.Automation.Tests.LoginTests" name="salesForceLoginTest02" time="21.118"/>
  <testcase classname="com.Salesforce.Automation.Tests.LoginTests" name="salesForceLoginTest03" time="40.91"/>
  <testcase classname="com.Salesforce.Automation.Tests.LoginTests4A4B" name="salesForceLoginTest4A" time="5.585"/>
  <testcase classname="com.Salesforce.Automation.Tests.LoginTests4A4B" name="salesForceLoginTest4B" time="0.687"/>
</testsuite> <!-- Test -->
